{"total": {"lines":{"total":4417,"covered":1271,"skipped":0,"pct":28.77},"statements":{"total":4417,"covered":1271,"skipped":0,"pct":28.77},"functions":{"total":208,"covered":138,"skipped":0,"pct":66.34},"branches":{"total":372,"covered":328,"skipped":0,"pct":88.17},"branchesTrue":{"total":0,"covered":0,"skipped":0,"pct":100}}
,"C:\\wamp64\\www\\ssot-codegen\\packages\\gen\\src\\code-generator.ts": {"lines":{"total":147,"covered":0,"skipped":0,"pct":0},"functions":{"total":1,"covered":0,"skipped":0,"pct":0},"statements":{"total":147,"covered":0,"skipped":0,"pct":0},"branches":{"total":1,"covered":0,"skipped":0,"pct":0}}
,"C:\\wamp64\\www\\ssot-codegen\\packages\\gen\\src\\dmmf-parser.ts": {"lines":{"total":144,"covered":9,"skipped":0,"pct":6.25},"functions":{"total":12,"covered":1,"skipped":0,"pct":8.33},"statements":{"total":144,"covered":9,"skipped":0,"pct":6.25},"branches":{"total":2,"covered":2,"skipped":0,"pct":100}}
,"C:\\wamp64\\www\\ssot-codegen\\packages\\gen\\src\\index-new.ts": {"lines":{"total":399,"covered":0,"skipped":0,"pct":0},"functions":{"total":1,"covered":0,"skipped":0,"pct":0},"statements":{"total":399,"covered":0,"skipped":0,"pct":0},"branches":{"total":1,"covered":0,"skipped":0,"pct":0}}
,"C:\\wamp64\\www\\ssot-codegen\\packages\\gen\\src\\path-resolver.ts": {"lines":{"total":20,"covered":0,"skipped":0,"pct":0},"functions":{"total":1,"covered":1,"skipped":0,"pct":100},"statements":{"total":20,"covered":0,"skipped":0,"pct":0},"branches":{"total":1,"covered":1,"skipped":0,"pct":100}}
,"C:\\wamp64\\www\\ssot-codegen\\packages\\gen\\src\\project-scaffold.ts": {"lines":{"total":147,"covered":0,"skipped":0,"pct":0},"functions":{"total":1,"covered":0,"skipped":0,"pct":0},"statements":{"total":147,"covered":0,"skipped":0,"pct":0},"branches":{"total":1,"covered":0,"skipped":0,"pct":0}}
,"C:\\wamp64\\www\\ssot-codegen\\packages\\gen\\src\\relationship-analyzer.ts": {"lines":{"total":118,"covered":0,"skipped":0,"pct":0},"functions":{"total":1,"covered":1,"skipped":0,"pct":100},"statements":{"total":118,"covered":0,"skipped":0,"pct":0},"branches":{"total":1,"covered":1,"skipped":0,"pct":100}}
,"C:\\wamp64\\www\\ssot-codegen\\packages\\gen\\src\\service-linker.ts": {"lines":{"total":125,"covered":34,"skipped":0,"pct":27.2},"functions":{"total":10,"covered":2,"skipped":0,"pct":20},"statements":{"total":125,"covered":34,"skipped":0,"pct":27.2},"branches":{"total":14,"covered":14,"skipped":0,"pct":100}}
,"C:\\wamp64\\www\\ssot-codegen\\packages\\gen\\src\\type-mapper.ts": {"lines":{"total":141,"covered":116,"skipped":0,"pct":82.26},"functions":{"total":8,"covered":6,"skipped":0,"pct":75},"statements":{"total":141,"covered":116,"skipped":0,"pct":82.26},"branches":{"total":61,"covered":47,"skipped":0,"pct":77.04}}
,"C:\\wamp64\\www\\ssot-codegen\\packages\\gen\\src\\dependencies\\features.ts": {"lines":{"total":169,"covered":0,"skipped":0,"pct":0},"functions":{"total":1,"covered":0,"skipped":0,"pct":0},"statements":{"total":169,"covered":0,"skipped":0,"pct":0},"branches":{"total":1,"covered":0,"skipped":0,"pct":0}}
,"C:\\wamp64\\www\\ssot-codegen\\packages\\gen\\src\\dependencies\\frameworks.ts": {"lines":{"total":91,"covered":0,"skipped":0,"pct":0},"functions":{"total":1,"covered":0,"skipped":0,"pct":0},"statements":{"total":91,"covered":0,"skipped":0,"pct":0},"branches":{"total":1,"covered":0,"skipped":0,"pct":0}}
,"C:\\wamp64\\www\\ssot-codegen\\packages\\gen\\src\\dependencies\\profiles.ts": {"lines":{"total":106,"covered":0,"skipped":0,"pct":0},"functions":{"total":1,"covered":0,"skipped":0,"pct":0},"statements":{"total":106,"covered":0,"skipped":0,"pct":0},"branches":{"total":1,"covered":0,"skipped":0,"pct":0}}
,"C:\\wamp64\\www\\ssot-codegen\\packages\\gen\\src\\dependencies\\resolver.ts": {"lines":{"total":109,"covered":0,"skipped":0,"pct":0},"functions":{"total":1,"covered":0,"skipped":0,"pct":0},"statements":{"total":109,"covered":0,"skipped":0,"pct":0},"branches":{"total":1,"covered":0,"skipped":0,"pct":0}}
,"C:\\wamp64\\www\\ssot-codegen\\packages\\gen\\src\\dependencies\\types.ts": {"lines":{"total":0,"covered":0,"skipped":0,"pct":0},"functions":{"total":1,"covered":1,"skipped":0,"pct":0},"statements":{"total":0,"covered":0,"skipped":0,"pct":0},"branches":{"total":1,"covered":1,"skipped":0,"pct":0}}
,"C:\\wamp64\\www\\ssot-codegen\\packages\\gen\\src\\dependencies\\versions.ts": {"lines":{"total":52,"covered":0,"skipped":0,"pct":0},"functions":{"total":1,"covered":1,"skipped":0,"pct":100},"statements":{"total":52,"covered":0,"skipped":0,"pct":0},"branches":{"total":1,"covered":1,"skipped":0,"pct":100}}
,"C:\\wamp64\\www\\ssot-codegen\\packages\\gen\\src\\generators\\base-generator.ts": {"lines":{"total":35,"covered":33,"skipped":0,"pct":94.28},"functions":{"total":7,"covered":7,"skipped":0,"pct":100},"statements":{"total":35,"covered":33,"skipped":0,"pct":94.28},"branches":{"total":10,"covered":9,"skipped":0,"pct":90}}
,"C:\\wamp64\\www\\ssot-codegen\\packages\\gen\\src\\generators\\controller-generator-base-class.ts": {"lines":{"total":164,"covered":0,"skipped":0,"pct":0},"functions":{"total":1,"covered":0,"skipped":0,"pct":0},"statements":{"total":164,"covered":0,"skipped":0,"pct":0},"branches":{"total":1,"covered":0,"skipped":0,"pct":0}}
,"C:\\wamp64\\www\\ssot-codegen\\packages\\gen\\src\\generators\\controller-generator-enhanced.ts": {"lines":{"total":173,"covered":0,"skipped":0,"pct":0},"functions":{"total":1,"covered":0,"skipped":0,"pct":0},"statements":{"total":173,"covered":0,"skipped":0,"pct":0},"branches":{"total":1,"covered":0,"skipped":0,"pct":0}}
,"C:\\wamp64\\www\\ssot-codegen\\packages\\gen\\src\\generators\\controller-generator-v2.ts": {"lines":{"total":143,"covered":143,"skipped":0,"pct":100},"functions":{"total":13,"covered":13,"skipped":0,"pct":100},"statements":{"total":143,"covered":143,"skipped":0,"pct":100},"branches":{"total":39,"covered":39,"skipped":0,"pct":100}}
,"C:\\wamp64\\www\\ssot-codegen\\packages\\gen\\src\\generators\\controller-generator.ts": {"lines":{"total":94,"covered":0,"skipped":0,"pct":0},"functions":{"total":1,"covered":1,"skipped":0,"pct":100},"statements":{"total":94,"covered":0,"skipped":0,"pct":0},"branches":{"total":1,"covered":1,"skipped":0,"pct":100}}
,"C:\\wamp64\\www\\ssot-codegen\\packages\\gen\\src\\generators\\dto-generator-v2.ts": {"lines":{"total":155,"covered":153,"skipped":0,"pct":98.7},"functions":{"total":17,"covered":17,"skipped":0,"pct":100},"statements":{"total":155,"covered":153,"skipped":0,"pct":98.7},"branches":{"total":40,"covered":39,"skipped":0,"pct":97.5}}
,"C:\\wamp64\\www\\ssot-codegen\\packages\\gen\\src\\generators\\dto-generator.ts": {"lines":{"total":103,"covered":0,"skipped":0,"pct":0},"functions":{"total":1,"covered":0,"skipped":0,"pct":0},"statements":{"total":103,"covered":0,"skipped":0,"pct":0},"branches":{"total":1,"covered":0,"skipped":0,"pct":0}}
,"C:\\wamp64\\www\\ssot-codegen\\packages\\gen\\src\\generators\\generator-interface.ts": {"lines":{"total":0,"covered":0,"skipped":0,"pct":0},"functions":{"total":1,"covered":1,"skipped":0,"pct":0},"statements":{"total":0,"covered":0,"skipped":0,"pct":0},"branches":{"total":1,"covered":1,"skipped":0,"pct":0}}
,"C:\\wamp64\\www\\ssot-codegen\\packages\\gen\\src\\generators\\route-generator-enhanced.ts": {"lines":{"total":90,"covered":0,"skipped":0,"pct":0},"functions":{"total":1,"covered":0,"skipped":0,"pct":0},"statements":{"total":90,"covered":0,"skipped":0,"pct":0},"branches":{"total":1,"covered":0,"skipped":0,"pct":0}}
,"C:\\wamp64\\www\\ssot-codegen\\packages\\gen\\src\\generators\\route-generator-v2.ts": {"lines":{"total":85,"covered":85,"skipped":0,"pct":100},"functions":{"total":6,"covered":6,"skipped":0,"pct":100},"statements":{"total":85,"covered":85,"skipped":0,"pct":100},"branches":{"total":16,"covered":16,"skipped":0,"pct":100}}
,"C:\\wamp64\\www\\ssot-codegen\\packages\\gen\\src\\generators\\route-generator.ts": {"lines":{"total":49,"covered":0,"skipped":0,"pct":0},"functions":{"total":1,"covered":1,"skipped":0,"pct":100},"statements":{"total":49,"covered":0,"skipped":0,"pct":0},"branches":{"total":1,"covered":1,"skipped":0,"pct":100}}
,"C:\\wamp64\\www\\ssot-codegen\\packages\\gen\\src\\generators\\sdk-generator.ts": {"lines":{"total":111,"covered":111,"skipped":0,"pct":100},"functions":{"total":4,"covered":4,"skipped":0,"pct":100},"statements":{"total":111,"covered":111,"skipped":0,"pct":100},"branches":{"total":18,"covered":18,"skipped":0,"pct":100}}
,"C:\\wamp64\\www\\ssot-codegen\\packages\\gen\\src\\generators\\sdk-service-generator.ts": {"lines":{"total":61,"covered":61,"skipped":0,"pct":100},"functions":{"total":4,"covered":4,"skipped":0,"pct":100},"statements":{"total":61,"covered":61,"skipped":0,"pct":100},"branches":{"total":19,"covered":19,"skipped":0,"pct":100}}
,"C:\\wamp64\\www\\ssot-codegen\\packages\\gen\\src\\generators\\service-generator-enhanced.ts": {"lines":{"total":197,"covered":0,"skipped":0,"pct":0},"functions":{"total":1,"covered":0,"skipped":0,"pct":0},"statements":{"total":197,"covered":0,"skipped":0,"pct":0},"branches":{"total":1,"covered":0,"skipped":0,"pct":0}}
,"C:\\wamp64\\www\\ssot-codegen\\packages\\gen\\src\\generators\\service-generator-v2.ts": {"lines":{"total":99,"covered":99,"skipped":0,"pct":100},"functions":{"total":13,"covered":13,"skipped":0,"pct":100},"statements":{"total":99,"covered":99,"skipped":0,"pct":100},"branches":{"total":13,"covered":13,"skipped":0,"pct":100}}
,"C:\\wamp64\\www\\ssot-codegen\\packages\\gen\\src\\generators\\service-generator.ts": {"lines":{"total":38,"covered":0,"skipped":0,"pct":0},"functions":{"total":1,"covered":1,"skipped":0,"pct":100},"statements":{"total":38,"covered":0,"skipped":0,"pct":0},"branches":{"total":1,"covered":1,"skipped":0,"pct":100}}
,"C:\\wamp64\\www\\ssot-codegen\\packages\\gen\\src\\generators\\service-integration.generator.ts": {"lines":{"total":150,"covered":0,"skipped":0,"pct":0},"functions":{"total":1,"covered":0,"skipped":0,"pct":0},"statements":{"total":150,"covered":0,"skipped":0,"pct":0},"branches":{"total":1,"covered":0,"skipped":0,"pct":0}}
,"C:\\wamp64\\www\\ssot-codegen\\packages\\gen\\src\\generators\\validator-generator-v2.ts": {"lines":{"total":94,"covered":93,"skipped":0,"pct":98.93},"functions":{"total":9,"covered":9,"skipped":0,"pct":100},"statements":{"total":94,"covered":93,"skipped":0,"pct":98.93},"branches":{"total":18,"covered":17,"skipped":0,"pct":94.44}}
,"C:\\wamp64\\www\\ssot-codegen\\packages\\gen\\src\\generators\\validator-generator.ts": {"lines":{"total":101,"covered":0,"skipped":0,"pct":0},"functions":{"total":1,"covered":0,"skipped":0,"pct":0},"statements":{"total":101,"covered":0,"skipped":0,"pct":0},"branches":{"total":1,"covered":0,"skipped":0,"pct":0}}
,"C:\\wamp64\\www\\ssot-codegen\\packages\\gen\\src\\generators\\__tests__\\fixtures.ts": {"lines":{"total":101,"covered":95,"skipped":0,"pct":94.05},"functions":{"total":3,"covered":3,"skipped":0,"pct":100},"statements":{"total":101,"covered":95,"skipped":0,"pct":94.05},"branches":{"total":14,"covered":11,"skipped":0,"pct":78.57}}
,"C:\\wamp64\\www\\ssot-codegen\\packages\\gen\\src\\generators\\strategies\\framework-strategy.ts": {"lines":{"total":85,"covered":66,"skipped":0,"pct":77.64},"functions":{"total":20,"covered":13,"skipped":0,"pct":65},"statements":{"total":85,"covered":66,"skipped":0,"pct":77.64},"branches":{"total":23,"covered":23,"skipped":0,"pct":100}}
,"C:\\wamp64\\www\\ssot-codegen\\packages\\gen\\src\\generators\\utils\\barrel-builder.ts": {"lines":{"total":14,"covered":11,"skipped":0,"pct":78.57},"functions":{"total":3,"covered":2,"skipped":0,"pct":66.66},"statements":{"total":14,"covered":11,"skipped":0,"pct":78.57},"branches":{"total":4,"covered":4,"skipped":0,"pct":100}}
,"C:\\wamp64\\www\\ssot-codegen\\packages\\gen\\src\\generators\\utils\\import-builder.ts": {"lines":{"total":45,"covered":13,"skipped":0,"pct":28.88},"functions":{"total":11,"covered":1,"skipped":0,"pct":9.09},"statements":{"total":45,"covered":13,"skipped":0,"pct":28.88},"branches":{"total":1,"covered":1,"skipped":0,"pct":100}}
,"C:\\wamp64\\www\\ssot-codegen\\packages\\gen\\src\\generators\\utils\\model-metadata.ts": {"lines":{"total":42,"covered":29,"skipped":0,"pct":69.04},"functions":{"total":12,"covered":7,"skipped":0,"pct":58.33},"statements":{"total":42,"covered":29,"skipped":0,"pct":69.04},"branches":{"total":13,"covered":12,"skipped":0,"pct":92.3}}
,"C:\\wamp64\\www\\ssot-codegen\\packages\\gen\\src\\generators\\utils\\template-builder.ts": {"lines":{"total":92,"covered":51,"skipped":0,"pct":55.43},"functions":{"total":16,"covered":9,"skipped":0,"pct":56.25},"statements":{"total":92,"covered":51,"skipped":0,"pct":55.43},"branches":{"total":13,"covered":13,"skipped":0,"pct":100}}
,"C:\\wamp64\\www\\ssot-codegen\\packages\\gen\\src\\templates\\base-crud-controller.template.ts": {"lines":{"total":4,"covered":0,"skipped":0,"pct":0},"functions":{"total":1,"covered":1,"skipped":0,"pct":100},"statements":{"total":4,"covered":0,"skipped":0,"pct":0},"branches":{"total":1,"covered":1,"skipped":0,"pct":100}}
,"C:\\wamp64\\www\\ssot-codegen\\packages\\gen\\src\\templates\\base-service-controller.template.ts": {"lines":{"total":4,"covered":0,"skipped":0,"pct":0},"functions":{"total":1,"covered":1,"skipped":0,"pct":100},"statements":{"total":4,"covered":0,"skipped":0,"pct":0},"branches":{"total":1,"covered":1,"skipped":0,"pct":100}}
,"C:\\wamp64\\www\\ssot-codegen\\packages\\gen\\src\\utils\\cli-logger.ts": {"lines":{"total":198,"covered":0,"skipped":0,"pct":0},"functions":{"total":1,"covered":0,"skipped":0,"pct":0},"statements":{"total":198,"covered":0,"skipped":0,"pct":0},"branches":{"total":1,"covered":0,"skipped":0,"pct":0}}
,"C:\\wamp64\\www\\ssot-codegen\\packages\\gen\\src\\utils\\relationship-analyzer.ts": {"lines":{"total":122,"covered":69,"skipped":0,"pct":56.55},"functions":{"total":15,"covered":11,"skipped":0,"pct":73.33},"statements":{"total":122,"covered":69,"skipped":0,"pct":56.55},"branches":{"total":29,"covered":21,"skipped":0,"pct":72.41}}
}
